S=C=A=N: Wed Jul 15 09:03:39 2020: Collect start
/apps/OPENMPI/3.1.1/GCC/bin/mpiexec ./heterogeneity.exe
[s02r1b32:319209] *** Process received signal ***
[s02r1b32:319209] Signal: Segmentation fault (11)
[s02r1b32:319209] Signal code: Address not mapped (1)
[s02r1b32:319209] Failing at address: 0x440000e8
[s02r1b32:319208] *** Process received signal ***
[s02r1b32:319208] Signal: Segmentation fault (11)
[s02r1b32:319208] Signal code: Address not mapped (1)
[s02r1b32:319208] Failing at address: 0x440000e8
[s02r1b32:319211] *** Process received signal ***
[s02r1b32:319211] Signal: Segmentation fault (11)
[s02r1b32:319211] Signal code: Address not mapped (1)
[s02r1b32:319211] Failing at address: 0x440000e8
[s02r1b32:319210] *** Process received signal ***
[s02r1b32:319210] Signal: Segmentation fault (11)
[s02r1b32:319210] Signal code: Address not mapped (1)
[s02r1b32:319210] Failing at address: 0x440000e8
[s02r1b32:319209] [ 0] /lib64/libpthread.so.0(+0x10b10)[0x7f5368146b10]
[s02r1b32:319209] [ 1] [s02r1b32:319208] [ 0] /lib64/libpthread.so.0(+0x10b10)[0x7fd8c3bb1b10]
[s02r1b32:319208] [ 1] /apps/OPENMPI/3.1.1/GCC/lib/libmpi.so.40(MPI_Comm_dup+0x43)[0x7fd8c46bebb3]
[s02r1b32:319208] [ 2] [s02r1b32:319211] [ 0] /lib64/libpthread.so.0(+0x10b10)[0x7f0d45c46b10]
[s02r1b32:319211] [ 1] /apps/OPENMPI/3.1.1/GCC/lib/libmpi.so.40(MPI_Comm_dup+0x43)[0x7f0d46753bb3]
[s02r1b32:319211] [ 2] ./heterogeneity.exe[0x622e6d]
[s02r1b32:319211] [ 3] [s02r1b32:319210] [ 0] /lib64/libpthread.so.0(+0x10b10)[0x7f2520280b10]
[s02r1b32:319210] [ 1] /apps/OPENMPI/3.1.1/GCC/lib/libmpi.so.40(MPI_Comm_dup+0x43)[0x7f2520d8dbb3]
[s02r1b32:319210] [ 2] ./heterogeneity.exe[0x622e6d]
[s02r1b32:319210] [ 3] ./heterogeneity.exe[0x554ebb]
[s02r1b32:319210] [ 4] ./heterogeneity.exe[0x5521cb]
[s02r1b32:319210] [ 5] ./heterogeneity.exe[0x554ebb]
[s02r1b32:319211] [ 4] /apps/OPENMPI/3.1.1/GCC/lib/libmpi.so.40(MPI_Comm_dup+0x43)[0x7f5368c53bb3]
[s02r1b32:319209] [ 2] ./heterogeneity.exe[0x622e6d]
[s02r1b32:319208] [ 3] ./heterogeneity.exe[0x554ebb]
[s02r1b32:319208] [ 4] ./heterogeneity.exe[0x5521cb]
[s02r1b32:319208] ./heterogeneity.exe(MPI_Init_thread+0x16b)[0x5407eb]
[s02r1b32:319210] [ 6] ./heterogeneity.exe[0x52e28a]
[s02r1b32:319210] [ 7] ./heterogeneity.exe[0x41e162]
[s02r1b32:319210] [ 8] ./heterogeneity.exe[0x5521cb]
[s02r1b32:319211] [ 5] ./heterogeneity.exe(MPI_Init_thread+0x16b)[0x5407eb]
[s02r1b32:319211] [ 6] ./heterogeneity.exe[0x52e28a]
[s02r1b32:319211] [ 7] ./heterogeneity.exe[0x622e6d]
[s02r1b32:319209] [ 3] ./heterogeneity.exe[0x554ebb]
[s02r1b32:319209] [ 4] ./heterogeneity.exe[0x5521cb]
[s02r1b32:319209] [ 5] [ 5] ./heterogeneity.exe(MPI_Init_thread+0x16b)[0x5407eb]
[s02r1b32:319208] [ 6] ./heterogeneity.exe(MPI_Init_thread+0x16b)[0x5407eb]
[s02r1b32:319209] [ 6] ./heterogeneity.exe[0x41e162]
[s02r1b32:319211] [ 8] ./heterogeneity.exe[0x52e28a]
[s02r1b32:319208] [ 7] ./heterogeneity.exe[0x41e162]
[s02r1b32:319208] [ 8] ./heterogeneity.exe[0x52e28a]
[s02r1b32:319209] [ 7] /lib64/libc.so.6(__libc_start_main+0xf5)[0x7f251feed6e5]
[s02r1b32:319210] [ 9] ./heterogeneity.exe[0x41ed99]
[s02r1b32:319210] *** End of error message ***
./heterogeneity.exe[0x41e162]
[s02r1b32:319209] [ 8] /lib64/libc.so.6(__libc_start_main+0xf5)[0x7f0d458b36e5]
[s02r1b32:319211] [ 9] /lib64/libc.so.6(__libc_start_main+0xf5)[0x7fd8c381e6e5]
[s02r1b32:319208] [ 9] ./heterogeneity.exe[0x41ed99]
[s02r1b32:319211] *** End of error message ***
./heterogeneity.exe[0x41ed99]
[s02r1b32:319208] *** End of error message ***
/lib64/libc.so.6(__libc_start_main+0xf5)[0x7f5367db36e5]
[s02r1b32:319209] [ 9] ./heterogeneity.exe[0x41ed99]
[s02r1b32:319209] *** End of error message ***
-------------------------------------------------------
Primary job  terminated normally, but 1 process returned
a non-zero exit code. Per user-direction, the job has been aborted.
-------------------------------------------------------
--------------------------------------------------------------------------
mpiexec noticed that process rank 1 with PID 319209 on node s02r1b32 exited on signal 11 (Segmentation fault).
--------------------------------------------------------------------------
S=C=A=N: Wed Jul 15 09:03:42 2020: Collect done (status=0) 3s
