S=C=A=N: Wed May 20 16:31:16 2020: Collect start
/apps/OPENMPI/4.0.1/GCC/bin/mpiexec ./heterogeneity.exe
Using config file ./config/PhysiCell_settings.xml ... 
User parameters in XML config file: 
Bool parameters:: 

Int parameters:: 
random_seed: 0 [dimensionless]

Double parameters:: 
tumor_radius: 150 [micron]
oncoprotein_mean: 1 [dimensionless]
oncoprotein_sd: 0.25 [dimensionless]
oncoprotein_min: 0 [dimensionless]
oncoprotein_max: 2 [dimensionless]

String parameters:: 


User parameters in XML config file: 
Bool parameters:: 

Int parameters:: 
random_seed: 0 [dimensionless]

Double parameters:: 
tumor_radius: 150 [micron]
oncoprotein_mean: 1 [dimensionless]
oncoprotein_sd: 0.25 [dimensionless]
oncoprotein_min: 0 [dimensionless]
oncoprotein_max: 2 [dimensionless]

String parameters:: 



Microenvironment summary: microenvironment: 

Mesh information: 
type: uniform Cartesian
Domain: [-240,240] micron x [-240,240] micron x [-240,240] micron
   resolution: dx = 20 micron
   voxels (per-process): 6912
   voxel faces: 0
   volume: 1.10592e+08 cubic micron
Densities: (1 total)
   oxygen:
     units: mmHg
     diffusion coefficient: 100000 micron^2 / min
     decay rate: 0.1 min^-1
     diffusion length scale: 1000 micron
     initial condition: 38 mmHg
     boundary condition: 38 mmHg (enabled: true)

creating 3963 closely-packed tumor cells ... 

Oncoprotein summary: 
===================
mean: 0.997009
standard deviation: 0.246216
[min max]: [0.154115 1.91043]

Using PhysiCell version 1.6.1
	Please cite DOI: 10.1371/journal.pcbi.1005991
	Project website: http://PhysiCell.MathCancer.org

See ALL_CITATIONS.txt for this list.
Using PhysiCell version 1.6.1
	Please cite DOI: 10.1371/journal.pcbi.1005991
	Project website: http://PhysiCell.MathCancer.org

See ALL_CITATIONS.txt for this list.
current simulated time: 0 min (max: 720 min)
total agents: 2079
current simulated time: 0 min (max: 720 min)
total agents: 1884
interval wall time: 0 days, 0 hours, 0 minutes, and 3.0242e-05 seconds 
interval wall time: 0 days, 0 hours, 0 minutes, and 2.4281e-05 seconds 
total wall time: 0 days, 0 hours, 0 minutes, and 3.038e-05 seconds 

total wall time: 0 days, 0 hours, 0 minutes, and 3.7067e-05 seconds 


Using method diffusion_decay_solver__constant_coefficients_LOD_3D (implicit 3-D LOD with Thomas Algorithm) ... 

current simulated time: 120 min (max: 720 min)
total agents: 1978
interval wall time: 0 days, 0 hours, 8 minutes, and 49.689 seconds 
total wall time: 0 days, 0 hours, 8 minutes, and 49.6891 seconds 

current simulated time: 120 min (max: 720 min)
total agents: 2197
interval wall time: 0 days, 0 hours, 8 minutes, and 49.6902 seconds 
total wall time: 0 days, 0 hours, 8 minutes, and 49.6902 seconds 

current simulated time: 240 min (max: 720 min)
total agents: 2081
interval wall time: 0 days, 0 hours, 9 minutes, and 0.914352 seconds 
total wall time: 0 days, 0 hours, 17 minutes, and 50.6034 seconds 

current simulated time: 240 min (max: 720 min)
total agents: 2323
interval wall time: 0 days, 0 hours, 9 minutes, and 0.914382 seconds 
total wall time: 0 days, 0 hours, 17 minutes, and 50.6046 seconds 

current simulated time: 360 min (max: 720 min)
total agents: 2160
interval wall time: 0 days, 0 hours, 9 minutes, and 10.759 seconds 
total wall time: 0 days, 0 hours, 27 minutes, and 1.36244 seconds 

current simulated time: 360 min (max: 720 min)
total agents: 2428
interval wall time: 0 days, 0 hours, 9 minutes, and 10.759 seconds 
total wall time: 0 days, 0 hours, 27 minutes, and 1.3636 seconds 

current simulated time: 480 min (max: 720 min)
total agents: 2241
interval wall time: 0 days, 0 hours, 9 minutes, and 19.642 seconds 
total wall time: 0 days, 0 hours, 36 minutes, and 21.0044 seconds 

current simulated time: 480 min (max: 720 min)
total agents: 2539
interval wall time: 0 days, 0 hours, 9 minutes, and 19.642 seconds 
total wall time: 0 days, 0 hours, 36 minutes, and 21.0056 seconds 

current simulated time: 600 min (max: 720 min)
total agents: 2340
interval wall time: 0 days, 0 hours, 9 minutes, and 29.8164 seconds 
total wall time: 0 days, 0 hours, 45 minutes, and 50.8209 seconds 

current simulated time: 600 min (max: 720 min)
total agents: 2664
interval wall time: 0 days, 0 hours, 9 minutes, and 29.8165 seconds 
total wall time: 0 days, 0 hours, 45 minutes, and 50.8221 seconds 

current simulated time: 720 min (max: 720 min)
total agents: 2423
interval wall time: 0 days, 0 hours, 9 minutes, and 40.1334 seconds 
total wall time: 0 days, 0 hours, 55 minutes, and 30.9542 seconds 

current simulated time: 720 min (max: 720 min)
total agents: 2788
interval wall time: 0 days, 0 hours, 9 minutes, and 40.1334 seconds 
total wall time: 0 days, 0 hours, 55 minutes, and 30.9555 seconds 


Total simulation runtime: 

Total simulation runtime: 
0 days, 0 hours, 55 minutes, and 31.1638 seconds 0 days, 0 hours, 55 minutes, and 31.1676 seconds S=C=A=N: Wed May 20 17:26:47 2020: Collect done (status=0) 3331s
