  _____  _               _  _____     _ _     __   __                     _                    ___  __	
 |  __ \| |             (_)/ ____|   | | |    \ \ / /                    (_)                  / _ \/_ |
 | |__) | |__  _   _ ___ _| |     ___| | |_____\ V /  __   _____ _ __ ___ _  ___  _ __ ______| | | || |
 |  ___/| '_ \| | | / __| | |    / _ \ | |______> <   \ \ / / _ \ '__/ __| |/ _ \| '_ \______| | | || |
 | |    | | | | |_| \__ \ | |___|  __/ | |     / . \   \ V /  __/ |  \__ \ | (_) | | | |     | |_| || |
 |_|    |_| |_|\__, |___/_|\_____\___|_|_|    /_/ \_\   \_/ \___|_|  |___/_|\___/|_| |_|      \___(_)_|
                __/ |                                                                                  
               |___/                                                                                   
Using config file ./config/PhysiCell_settings.xml ... 
1
dc? 1
User parameters in XML config file: 
Bool parameters:: 

Int parameters:: 
number_of_cells: 1000000 [none]

Double parameters:: 

String parameters:: 


which boundaries?
1 1 1 1 0 0

Microenvironment summary: microenvironment: 

Mesh information: 
type: uniform Cartesian
Domain: [-1000,1000] micron x [-1000,1000] micron x [-1000,1000] micron
   resolution: dx = 20 micron
   voxels (per-process): 250000
   voxel faces: 0
   volume: 8e+09 cubic micron
Densities: (1 total)
   substrate:
     units: dimensionless
     diffusion coefficient: 100000 micron^2 / min
     decay rate: 10 min^-1
     diffusion length scale: 100 micron
     initial condition: 0 dimensionless
     boundary condition: 38 dimensionless (enabled: true)

virtual_wall_at_domain_edge: enabled
Pre-processing type 0 named stem
Pre-processing type 1 named progenitor_1
Pre-processing type 2 named progenitor_2
Asymmetric division probabilities for stem: 0 1 0 
  --------- attachment_elastic_constant = 0.01
copying data ... 
stem to progenitor_1
  --------- attachment_elastic_constant = 0.01
copying data ... 
stem to progenitor_2
  --------- attachment_elastic_constant = 0.01
Signals: 
=======
0 : substrate
1 : intracellular substrate
2 : substrate gradient
3 : pressure
4 : volume
5 : contact with stem
6 : contact with progenitor_1
7 : contact with progenitor_2
8 : contact with live cell
9 : contact with dead cell
10 : contact with apoptotic cell
11 : contact with necrotic cell
12 : contact with other dead cell
13 : contact with basement membrane
14 : damage
15 : damage delivered
16 : attacking
17 : dead
18 : total attack time
19 : time
20 : custom:sample
21 : apoptotic
22 : necrotic


Behaviors: 
=========
0 : substrate secretion
1 : substrate secretion target
2 : substrate uptake
3 : substrate export
4 : cycle entry
5 : exit from cycle phase 1
6 : exit from cycle phase 2
7 : exit from cycle phase 3
8 : exit from cycle phase 4
9 : exit from cycle phase 5
10 : apoptosis
11 : necrosis
12 : migration speed
13 : migration bias
14 : migration persistence time
15 : chemotactic response to substrate
16 : cell-cell adhesion
17 : cell-cell adhesion elastic constant
18 : adhesive affinity to stem
19 : adhesive affinity to progenitor_1
20 : adhesive affinity to progenitor_2
21 : relative maximum adhesion distance
22 : cell-cell repulsion
23 : cell-BM adhesion
24 : cell-BM repulsion
25 : phagocytose apoptotic cell
26 : phagocytose necrotic cell
27 : phagocytose other dead cell
28 : phagocytose stem
29 : phagocytose progenitor_1
30 : phagocytose progenitor_2
31 : attack stem
32 : attack progenitor_1
33 : attack progenitor_2
34 : fuse to stem
35 : fuse to progenitor_1
36 : fuse to progenitor_2
37 : transform to stem
38 : transform to progenitor_1
39 : transform to progenitor_2
40 : asymmetric division to stem
41 : asymmetric division to progenitor_1
42 : asymmetric division to progenitor_2
43 : custom:sample
44 : is_movable
45 : immunogenicity to stem
46 : immunogenicity to progenitor_1
47 : immunogenicity to progenitor_2
48 : cell attachment rate
49 : cell detachment rate
50 : maximum number of cell attachments
51 : attack damage rate
52 : attack duration
53 : damage rate
54 : damage repair rate


virtual_wall_at_domain_edge: enabled
Pre-processing type 0 named stem
Pre-processing type 1 named progenitor_1
Pre-processing type 2 named progenitor_2
Asymmetric division probabilities for stem: 0 1 0 
  --------- attachment_elastic_constant = 0.01
copying data ... 
stem to progenitor_1
  --------- attachment_elastic_constant = 0.01
copying data ... 
stem to progenitor_2
  --------- attachment_elastic_constant = 0.01
ruleset
	Processing ruleset in ./config/cell_rules.csv ... 
	Format: CSV (current version 3)
Processing rules in file ./config/cell_rules.csv ... 
Adding rule for stem cells:
	contact with progenitor_1 decreases asymmetric division to progenitor_1 towards 0.0 with a Hill response, with half-max 3 and Hill power 4.
Adding rule for stem cells:
	contact with progenitor_1 increases asymmetric division to progenitor_2 towards 1.0 with a Hill response, with half-max 3 and Hill power 4.
Adding rule for stem cells:
	volume increases cycle entry towards 0.17 with a Hill response, with half-max 1200.0 and Hill power 8.
Done!

Copying ./config/cell_rules.csv to output folder.
Copy command: cp ./config/cell_rules.csv output/cell_rules.csv
Behavioral rules for cell type stem:
===================================================
contact with progenitor_1 decreases asymmetric division to progenitor_1
contact with progenitor_1 increases asymmetric division to progenitor_2
volume increases cycle entry

Behavioral rules for cell type progenitor_1:
===================================================

Behavioral rules for cell type progenitor_2:
===================================================

virtual_wall_at_domain_edge: enabled
Pre-processing type 0 named stem
Pre-processing type 1 named progenitor_1
Pre-processing type 2 named progenitor_2
Asymmetric division probabilities for stem: 0 1 0 
  --------- attachment_elastic_constant = 0.01
copying data ... 
stem to progenitor_1
  --------- attachment_elastic_constant = 0.01
copying data ... 
stem to progenitor_2
  --------- attachment_elastic_constant = 0.01
ruleset
	Processing ruleset in ./config/cell_rules.csv ... 
	Format: CSV (current version 3)
Processing rules in file ./config/cell_rules.csv ... 
Adding rule for stem cells:
	contact with progenitor_1 decreases asymmetric division to progenitor_1 towards 0.0 with a Hill response, with half-max 3 and Hill power 4.
Adding rule for stem cells:
	contact with progenitor_1 increases asymmetric division to progenitor_2 towards 1.0 with a Hill response, with half-max 3 and Hill power 4.
Adding rule for stem cells:
	volume increases cycle entry towards 0.17 with a Hill response, with half-max 1200.0 and Hill power 8.
Done!

Copying ./config/cell_rules.csv to output folder.
Copy command: cp ./config/cell_rules.csv output/cell_rules.csv
virtual_wall_at_domain_edge: enabled
Pre-processing type 0 named stem
Pre-processing type 1 named progenitor_1
Pre-processing type 2 named progenitor_2
Asymmetric division probabilities for stem: 0 1 0 
  --------- attachment_elastic_constant = 0.01
copying data ... 
stem to progenitor_1
  --------- attachment_elastic_constant = 0.01
copying data ... 
stem to progenitor_2
  --------- attachment_elastic_constant = 0.01
ruleset
	Processing ruleset in ./config/cell_rules.csv ... 
	Format: CSV (current version 3)
Processing rules in file ./config/cell_rules.csv ... 
Adding rule for stem cells:
	contact with progenitor_1 decreases asymmetric division to progenitor_1 towards 0.0 with a Hill response, with half-max 3 and Hill power 4.
Adding rule for stem cells:
	contact with progenitor_1 increases asymmetric division to progenitor_2 towards 1.0 with a Hill response, with half-max 3 and Hill power 4.
Adding rule for stem cells:
	volume increases cycle entry towards 0.17 with a Hill response, with half-max 1200.0 and Hill power 8.
Done!

Copying ./config/cell_rules.csv to output folder.
Copy command: cp ./config/cell_rules.csv output/cell_rules.csv
Behavioral rules for cell type stem:
===================================================
contact with progenitor_1 decreases asymmetric division to progenitor_1
contact with progenitor_1 increases asymmetric division to progenitor_2
volume increases cycle entry

Behavioral rules for cell type progenitor_1:
===================================================

Behavioral rules for cell type progenitor_2:
===================================================

Behavioral rules for cell type stem:
===================================================
contact with progenitor_1 decreases asymmetric division to progenitor_1
contact with progenitor_1 increases asymmetric division to progenitor_2
volume increases cycle entry

Behavioral rules for cell type progenitor_1:
===================================================

Behavioral rules for cell type progenitor_2:
===================================================

ruleset
	Processing ruleset in ./config/cell_rules.csv ... 
	Format: CSV (current version 3)
Processing rules in file ./config/cell_rules.csv ... 
Adding rule for stem cells:
	contact with progenitor_1 decreases asymmetric division to progenitor_1 towards 0.0 with a Hill response, with half-max 3 and Hill power 4.
Adding rule for stem cells:
	contact with progenitor_1 increases asymmetric division to progenitor_2 towards 1.0 with a Hill response, with half-max 3 and Hill power 4.
Adding rule for stem cells:
	volume increases cycle entry towards 0.17 with a Hill response, with half-max 1200.0 and Hill power 8.
Done!

Copying ./config/cell_rules.csv to output folder.
Copy command: cp ./config/cell_rules.csv output/cell_rules.csv
Behavioral rules for cell type stem:
===================================================
contact with progenitor_1 decreases asymmetric division to progenitor_1
contact with progenitor_1 increases asymmetric division to progenitor_2
volume increases cycle entry

Behavioral rules for cell type progenitor_1:
===================================================

Behavioral rules for cell type progenitor_2:
===================================================

Exporting rules to file output/cell_rules_parsed.csv (v3 format) ... 
Done!

0 :: type:0 name: stem
	 cycle model: Live (code=5)
		Phase 0: Live
		Cycle transitions: 
		-----------------
		Live --> Live w mean duration 1440 min
	 death models: 
		0 : Apoptosis (code=100) with rate 0 1/min
		death phase transitions: 
		------------------------
		Apoptotic --> Debris w mean duration 515.996 min
		1 : Necrosis (code=101) with rate 0 1/min
		death phase transitions: 
		------------------------
		Necrotic (swelling) --> Necrotic (lysed) w mean duration 1.11111e-10 min
		Necrotic (lysed) --> Debris w mean duration 86399.8 min
	 key functions: 
		 migration bias rule: false
		 custom rule: true
		 phenotype rule: true
		 volume update function: true
		 mechanics function: true
		 contact function: true
	motility (enabled: false in 2D)
		speed: 1 micron/min
		bias: 0.5 
		persistence time: 1 min
		chemotaxis (enabled: false)
			along 1 * grad(substrate) 
	custom data: 
		sample: 1 dimensionless
	custom vector data: 
			NOTE: custom vector data will eventually be merged with custom data
1 :: type:1 name: progenitor_1
	 cycle model: Live (code=5)
		Phase 0: Live
		Cycle transitions: 
		-----------------
		Live --> Live w mean duration inf min
	 death models: 
		0 : Apoptosis (code=100) with rate 0 1/min
		death phase transitions: 
		------------------------
		Apoptotic --> Debris w mean duration 515.996 min
		1 : Necrosis (code=101) with rate 0 1/min
		death phase transitions: 
		------------------------
		Necrotic (swelling) --> Necrotic (lysed) w mean duration 1.11111e-10 min
		Necrotic (lysed) --> Debris w mean duration 86399.8 min
	 key functions: 
		 migration bias rule: false
		 custom rule: false
		 phenotype rule: false
		 volume update function: true
		 mechanics function: true
		 contact function: false
	motility (enabled: false in 2D)
		speed: 1 micron/min
		bias: 0 
		persistence time: 1 min
		chemotaxis (enabled: false)
			along 1 * grad(substrate) 
	custom data: 
		sample: 0 dimensionless
	custom vector data: 
			NOTE: custom vector data will eventually be merged with custom data
2 :: type:2 name: progenitor_2
	 cycle model: Live (code=5)
		Phase 0: Live
		Cycle transitions: 
		-----------------
		Live --> Live w mean duration inf min
	 death models: 
		0 : Apoptosis (code=100) with rate 0 1/min
		death phase transitions: 
		------------------------
		Apoptotic --> Debris w mean duration 515.996 min
		1 : Necrosis (code=101) with rate 0 1/min
		death phase transitions: 
		------------------------
		Necrotic (swelling) --> Necrotic (lysed) w mean duration 1.11111e-10 min
		Necrotic (lysed) --> Debris w mean duration 86399.8 min
	 key functions: 
		 migration bias rule: false
		 custom rule: false
		 phenotype rule: false
		 volume update function: true
		 mechanics function: true
		 contact function: false
	motility (enabled: false in 2D)
		speed: 1 micron/min
		bias: 0 
		persistence time: 1 min
		chemotaxis (enabled: false)
			along 1 * grad(substrate) 
	custom data: 
		sample: 0 dimensionless
	custom vector data: 
			NOTE: custom vector data will eventually be merged with custom data
Exporting rules to file output/cell_rules_parsed.csv (v3 format) ... 
Done!

Exporting rules to file output/cell_rules_parsed.csv (v3 format) ... 
Done!

Exporting rules to file output/cell_rules_parsed.csv (v3 format) ... 
Done!


Loading cells from CSV file ./config/cells.csv ... 
Loading cells from detailed (v2) CSV file ./config/cells.csv ... 
Creating stem (type=0) at 0 0 0 
Done! 


Loading cells from CSV file ./config/cells.csv ... 
Loading cells from detailed (v2) CSV file ./config/cells.csv ... 
Creating stem (type=0) at 0 0 0 
Done! 


Loading cells from CSV file ./config/cells.csv ... 
Loading cells from detailed (v2) CSV file ./config/cells.csv ... 
Creating stem (type=0) at 0 0 0 
Done! 


Loading cells from CSV file ./config/cells.csv ... 
Loading cells from detailed (v2) CSV file ./config/cells.csv ... 
Creating stem (type=0) at 0 0 0 
Done! 

Copying ./config/cells.csv to output folder.
Copy command: cp ./config/cells.csv output/cells.csv
Copying ./config/cells.csv to output folder.
Copy command: cp ./config/cells.csv output/cells.csv
Copying ./config/cells.csv to output folder.
Copy command: cp ./config/cells.csv output/cells.csv
Copying ./config/cells.csv to output folder.
Copy command: cp ./config/cells.csv output/cells.csv
Using PhysiCell version 1.14.2
	Please cite DOI: 10.1371/journal.pcbi.1005991
	Project website: http://physicell.org

See ALL_CITATIONS.txt for this list.
current simulated time: 0 min (max: 60 min)
total agents: 3000004
interval wall time: 0 days, 0 hours, 0 minutes, and 0.000103798 seconds  | 14.7106GB 
time scales:  diff -nan% |  mechs -nan% |  pheno -nan% |  intracell -nan%  
total wall time: 0 days, 0 hours, 0 minutes, and 0.000110221 seconds 

  Diffusion messages:6 | Size in 0.0762939 MB
Warning! Do not use get_total_volume!
Use (some_cell).phenotype.volume.total instead!
Warning! Do not use get_total_volume!
Use (some_cell).phenotype.volume.total instead!
Warning! Do not use get_total_volume!
Use (some_cell).phenotype.volume.total instead!
Warning! Do not use get_total_volume!
Use (some_cell).phenotype.volume.total instead!
current simulated time: 6 min (max: 60 min)
total agents: 4000008
interval wall time: 0 days, 0 hours, 25 minutes, and 2.94377 seconds  | 24.3446GB 
time scales:  diff 0.494037% |  mechs 88.3994% |  pheno 11.0799% |  intracell 0.0267137%  
total wall time: 0 days, 0 hours, 25 minutes, and 2.94389 seconds 

current simulated time: 12 min (max: 60 min)
total agents: 4590471
interval wall time: 0 days, 0 hours, 3 minutes, and 11.0509 seconds  | 29.3006GB 
time scales:  diff 3.79135% |  mechs 63.9815% |  pheno 31.9833% |  intracell 0.243872%  
total wall time: 0 days, 0 hours, 28 minutes, and 13.9948 seconds 

current simulated time: 18 min (max: 60 min)
total agents: 4843248
interval wall time: 0 days, 0 hours, 2 minutes, and 34.1989 seconds  | 31.4257GB 
time scales:  diff 4.53565% |  mechs 86.9511% |  pheno 8.19964% |  intracell 0.313573%  
total wall time: 0 days, 0 hours, 30 minutes, and 48.1937 seconds 

current simulated time: 24 min (max: 60 min)
total agents: 4953205
interval wall time: 0 days, 0 hours, 2 minutes, and 30.4923 seconds  | 32.3586GB 
time scales:  diff 4.55832% |  mechs 93.1288% |  pheno 1.98411% |  intracell 0.328742%  
total wall time: 0 days, 0 hours, 33 minutes, and 18.686 seconds 

current simulated time: 30 min (max: 60 min)
total agents: 5003686
interval wall time: 0 days, 0 hours, 2 minutes, and 31.7053 seconds  | 32.7942GB 
time scales:  diff 4.55509% |  mechs 94.5976% |  pheno 0.589454% |  intracell 0.257904%  
total wall time: 0 days, 0 hours, 35 minutes, and 50.3913 seconds 

current simulated time: 36 min (max: 60 min)
total agents: 5031606
interval wall time: 0 days, 0 hours, 2 minutes, and 33.7706 seconds  | 33.0409GB 
time scales:  diff 4.44171% |  mechs 95.0276% |  pheno 0.277727% |  intracell 0.252993%  
total wall time: 0 days, 0 hours, 38 minutes, and 24.1619 seconds 

current simulated time: 42 min (max: 60 min)
total agents: 5052296
interval wall time: 0 days, 0 hours, 2 minutes, and 37.011 seconds  | 33.2294GB 
time scales:  diff 4.3954% |  mechs 95.12% |  pheno 0.214297% |  intracell 0.270281%  
total wall time: 0 days, 0 hours, 41 minutes, and 1.17293 seconds 

current simulated time: 48 min (max: 60 min)
total agents: 5072684
interval wall time: 0 days, 0 hours, 2 minutes, and 39.1859 seconds  | 33.4132GB 
time scales:  diff 4.37726% |  mechs 95.1769% |  pheno 0.207928% |  intracell 0.237894%  
total wall time: 0 days, 0 hours, 43 minutes, and 40.3589 seconds 

current simulated time: 54 min (max: 60 min)
total agents: 5095650
interval wall time: 0 days, 0 hours, 2 minutes, and 41.816 seconds  | 33.6199GB 
time scales:  diff 4.31738% |  mechs 95.2215% |  pheno 0.224409% |  intracell 0.236674%  
total wall time: 0 days, 0 hours, 46 minutes, and 22.1749 seconds 

current simulated time: 60 min (max: 60 min)
total agents: 5123125
interval wall time: 0 days, 0 hours, 2 minutes, and 43.3174 seconds  | 33.8654GB 
time scales:  diff 4.32615% |  mechs 95.166% |  pheno 0.263608% |  intracell 0.244274%  
total wall time: 0 days, 0 hours, 49 minutes, and 5.49225 seconds 

Total simulation runtime: 
0 days, 0 hours, 49 minutes, and 14.8067 seconds 